[ 2023-12-19 17:37:27,632 ] 31 root - INFO - Entered the data ingestion method or component
[ 2023-12-19 17:37:27,688 ] 34 root - INFO - Dataset read as pandas Dataframe
[ 2023-12-19 17:37:27,993 ] 40 root - INFO - Train test split initiated
[ 2023-12-19 17:37:28,251 ] 47 root - INFO - Inmgestion of the data iss completed
[ 2023-12-19 17:37:28,326 ] 83 root - INFO - Read train and test data completed
[ 2023-12-19 17:37:28,331 ] 84 root - INFO - Train Dataframe Head :
   Unnamed: 0  carat        cut color clarity  depth  table  price     x     y     z
0       26547   2.01       Good     F     SI2   58.1   64.0  16231  8.23  8.19  4.77
1        9160   1.01  Very Good     E     SI2   60.0   60.0   4540  6.57  6.49  3.92
2       14132   1.10    Premium     H     VS2   62.5   58.0   5729  6.59  6.54  4.10
3       15758   1.50       Good     E     SI2   61.5   65.0   6300  7.21  7.17  4.42
4       24633   1.52  Very Good     G     VS1   62.1   57.0  12968  7.27  7.32  4.53
[ 2023-12-19 17:37:28,338 ] 85 root - INFO - Test Dataframe Head :
   Unnamed: 0  carat        cut color clarity  depth  table  price     x     y     z
0       26547   2.01       Good     F     SI2   58.1   64.0  16231  8.23  8.19  4.77
1        9160   1.01  Very Good     E     SI2   60.0   60.0   4540  6.57  6.49  3.92
2       14132   1.10    Premium     H     VS2   62.5   58.0   5729  6.59  6.54  4.10
3       15758   1.50       Good     E     SI2   61.5   65.0   6300  7.21  7.17  4.42
4       24633   1.52  Very Good     G     VS1   62.1   57.0  12968  7.27  7.32  4.53
[ 2023-12-19 17:37:28,339 ] 87 root - INFO - Obtaining preprocessing object
[ 2023-12-19 17:37:28,339 ] 31 root - INFO - Data Transformation initiated
[ 2023-12-19 17:37:28,339 ] 41 root - INFO - Pipeline Initiated
[ 2023-12-19 17:37:28,433 ] 104 root - INFO - Applying preprocessing object on training and testing datasets
[ 2023-12-19 17:37:28,435 ] 115 root - INFO - Processsor pickle in created and saved
[ 2023-12-19 17:37:28,437 ] 28 root - INFO - Splitting Dependent and Independent variables from train and test data
[ 2023-12-19 17:37:29,307 ] 47 root - INFO - Model Report : {'LinearRegression': 0.9056643685073513, 'Lasso': 0.9056594653450439, 'Ridge': 0.9056655447200301, 'Elasticnet': 0.8404656920627488, 'DecisionTree': 0.9662058746789526}
[ 2023-12-19 17:37:29,307 ] 60 root - INFO - Best Model Found , Model Name : DecisionTree , R2 Score : 0.9662058746789526
