[ 2023-12-18 16:54:24,017 ] 31 root - INFO - Entered the data ingestion method or component
[ 2023-12-18 16:54:24,113 ] 34 root - INFO - Dataset read as pandas Dataframe
[ 2023-12-18 16:54:24,371 ] 40 root - INFO - Train test split initiated
[ 2023-12-18 16:54:24,950 ] 47 root - INFO - Inmgestion of the data iss completed
[ 2023-12-18 16:54:25,030 ] 83 root - INFO - Read train and test data completed
[ 2023-12-18 16:54:25,037 ] 84 root - INFO - Train Dataframe Head :
   Unnamed: 0  carat        cut color clarity  depth  table  price     x     y     z
0       26547   2.01       Good     F     SI2   58.1   64.0  16231  8.23  8.19  4.77
1        9160   1.01  Very Good     E     SI2   60.0   60.0   4540  6.57  6.49  3.92
2       14132   1.10    Premium     H     VS2   62.5   58.0   5729  6.59  6.54  4.10
3       15758   1.50       Good     E     SI2   61.5   65.0   6300  7.21  7.17  4.42
4       24633   1.52  Very Good     G     VS1   62.1   57.0  12968  7.27  7.32  4.53
[ 2023-12-18 16:54:25,041 ] 85 root - INFO - Test Dataframe Head :
   Unnamed: 0  carat        cut color clarity  depth  table  price     x     y     z
0       26547   2.01       Good     F     SI2   58.1   64.0  16231  8.23  8.19  4.77
1        9160   1.01  Very Good     E     SI2   60.0   60.0   4540  6.57  6.49  3.92
2       14132   1.10    Premium     H     VS2   62.5   58.0   5729  6.59  6.54  4.10
3       15758   1.50       Good     E     SI2   61.5   65.0   6300  7.21  7.17  4.42
4       24633   1.52  Very Good     G     VS1   62.1   57.0  12968  7.27  7.32  4.53
[ 2023-12-18 16:54:25,041 ] 87 root - INFO - Obtaining preprocessing object
[ 2023-12-18 16:54:25,041 ] 31 root - INFO - Data Transformation initiated
[ 2023-12-18 16:54:25,041 ] 41 root - INFO - Pipeline Initiated
[ 2023-12-18 16:54:25,043 ] 124 root - INFO - Exception occured in the initiate_datatransformation
